TN:
SF:src/StakingRewardsMulti.sol
FN:93,StakingRewardsMulti.
FNDA:0,StakingRewardsMulti.
DA:94,0
DA:94,0
FN:106,StakingRewardsMulti.cloneStakingPool
FNDA:2,StakingRewardsMulti.cloneStakingPool
DA:112,2
DA:112,2
BRDA:112,0,0,1
BRDA:112,0,1,1
DA:113,1
DA:113,1
DA:117,1
DA:117,1
DA:117,1
DA:130,1
DA:130,1
DA:133,1
DA:133,1
DA:139,1
DA:139,1
FN:149,StakingRewardsMulti.initialize
FNDA:3,StakingRewardsMulti.initialize
DA:154,3
DA:154,3
FN:158,StakingRewardsMulti._initializePool
FNDA:3,StakingRewardsMulti._initializePool
DA:164,3
DA:164,3
DA:164,3
DA:164,3
BRDA:164,1,0,2
BRDA:164,1,1,1
DA:165,2
DA:165,2
DA:169,1
DA:169,1
DA:170,1
DA:170,1
DA:171,1
DA:171,1
FN:177,StakingRewardsMulti.totalSupply
FNDA:4,StakingRewardsMulti.totalSupply
DA:178,4
DA:178,4
FN:186,StakingRewardsMulti.balanceOf
FNDA:17,StakingRewardsMulti.balanceOf
DA:187,17
DA:187,17
FN:196,StakingRewardsMulti.balanceOfUnderlying
FNDA:4,StakingRewardsMulti.balanceOfUnderlying
DA:199,4
DA:199,4
DA:200,4
DA:200,4
FN:206,StakingRewardsMulti.rewardTokensLength
FNDA:1,StakingRewardsMulti.rewardTokensLength
DA:207,1
DA:207,1
FN:215,StakingRewardsMulti.lastTimeRewardApplicable
FNDA:0,StakingRewardsMulti.lastTimeRewardApplicable
DA:218,160
DA:218,160
DA:219,160
DA:219,160
FN:230,StakingRewardsMulti.rewardPerToken
FNDA:0,StakingRewardsMulti.rewardPerToken
DA:233,124
DA:233,124
BRDA:233,2,0,16
BRDA:233,2,1,108
DA:234,16
DA:234,16
DA:237,108
BRDA:237,3,0,12
BRDA:237,3,1,96
DA:238,12
DA:238,12
DA:241,96
DA:241,96
FN:255,StakingRewardsMulti.earned
FNDA:18,StakingRewardsMulti.earned
DA:259,76
BRDA:259,4,0,16
BRDA:259,4,1,60
DA:260,16
DA:260,16
DA:263,60
DA:263,60
FN:277,StakingRewardsMulti.earnedMulti
FNDA:4,StakingRewardsMulti.earnedMulti
DA:280,4
DA:280,4
DA:281,4
DA:281,4
DA:282,4
DA:282,4
DA:284,4
DA:284,4
DA:284,12
DA:284,8
DA:285,8
DA:285,8
FN:295,StakingRewardsMulti.getRewardForDuration
FNDA:8,StakingRewardsMulti.getRewardForDuration
DA:298,8
DA:298,8
DA:299,8
DA:299,8
FN:310,StakingRewardsMulti.stake
FNDA:11,StakingRewardsMulti.stake
DA:313,11
DA:313,11
BRDA:313,5,0,4
BRDA:313,5,1,7
DA:314,7
DA:314,7
BRDA:314,6,0,1
BRDA:314,6,1,6
DA:317,6
DA:317,6
DA:318,6
DA:318,6
DA:321,6
DA:321,6
DA:322,6
DA:322,6
FN:331,StakingRewardsMulti.stakeFor
FNDA:1,StakingRewardsMulti.stakeFor
DA:335,1
DA:335,1
BRDA:335,7,0,-
BRDA:335,7,1,1
DA:336,1
DA:336,1
BRDA:336,8,0,-
BRDA:336,8,1,1
DA:339,1
DA:339,1
DA:340,1
DA:340,1
DA:343,1
DA:343,1
DA:344,1
DA:344,1
FN:352,StakingRewardsMulti.withdraw
FNDA:11,StakingRewardsMulti.withdraw
DA:355,15
DA:355,15
BRDA:355,9,0,2
BRDA:355,9,1,13
DA:358,13
DA:358,13
BRDA:358,10,0,2
BRDA:358,10,1,13
DA:359,2
DA:359,2
DA:363,13
DA:363,13
DA:364,13
DA:364,13
DA:367,11
DA:367,11
DA:368,11
DA:368,11
FN:378,StakingRewardsMulti.withdrawFor
FNDA:2,StakingRewardsMulti.withdrawFor
DA:383,2
DA:383,2
BRDA:383,11,0,-
BRDA:383,11,1,2
DA:384,2
DA:384,2
BRDA:384,12,0,-
BRDA:384,12,1,2
DA:387,2
DA:387,2
DA:388,2
DA:388,2
DA:391,2
DA:391,2
DA:392,2
DA:392,2
DA:395,2
BRDA:395,13,0,-
BRDA:395,13,1,1
DA:396,1
DA:396,1
BRDA:396,14,0,-
BRDA:396,14,1,1
DA:397,1
DA:397,1
FN:405,StakingRewardsMulti.getReward
FNDA:8,StakingRewardsMulti.getReward
DA:406,8
DA:406,8
FN:410,StakingRewardsMulti._getRewardFor
FNDA:13,StakingRewardsMulti._getRewardFor
DA:411,13
DA:411,13
DA:411,35
DA:411,22
DA:412,22
DA:412,22
DA:413,22
DA:413,22
DA:414,22
DA:414,22
BRDA:414,15,0,18
BRDA:414,15,1,22
DA:415,18
DA:415,18
DA:416,18
DA:416,18
DA:417,18
DA:417,18
FN:427,StakingRewardsMulti.getOneReward
FNDA:4,StakingRewardsMulti.getOneReward
DA:430,4
DA:430,4
DA:431,4
DA:431,4
BRDA:431,16,0,2
BRDA:431,16,1,4
DA:432,2
DA:432,2
DA:433,2
DA:433,2
DA:434,2
DA:434,2
FN:441,StakingRewardsMulti.exit
FNDA:4,StakingRewardsMulti.exit
DA:442,4
DA:442,4
DA:443,4
DA:443,4
FN:454,StakingRewardsMulti.notifyRewardAmount
FNDA:12,StakingRewardsMulti.notifyRewardAmount
DA:458,12
DA:458,12
DA:459,12
DA:459,12
BRDA:459,17,0,2
BRDA:459,17,1,10
DA:460,10
DA:460,10
BRDA:460,18,0,-
BRDA:460,18,1,10
DA:464,10
DA:464,10
DA:470,10
DA:470,10
BRDA:470,19,0,10
BRDA:470,19,1,-
DA:471,10
DA:471,10
DA:475,0
DA:475,0
DA:486,10
DA:486,10
BRDA:486,20,0,-
BRDA:486,20,1,10
DA:493,10
DA:493,10
DA:494,10
DA:494,10
DA:497,10
DA:497,10
FN:508,StakingRewardsMulti.addReward
FNDA:16,StakingRewardsMulti.addReward
DA:513,14
DA:513,14
BRDA:513,21,0,2
BRDA:513,21,1,12
DA:517,12
DA:517,12
BRDA:517,22,0,1
BRDA:517,22,1,11
DA:518,11
DA:518,11
BRDA:518,23,0,1
BRDA:518,23,1,10
DA:523,10
DA:523,10
DA:524,10
DA:524,10
DA:525,10
DA:525,10
FN:535,StakingRewardsMulti.setRewardsDistributor
FNDA:0,StakingRewardsMulti.setRewardsDistributor
DA:539,0
DA:539,0
BRDA:539,24,0,-
BRDA:539,24,1,-
DA:543,0
DA:543,0
FN:552,StakingRewardsMulti.setRewardsDuration
FNDA:1,StakingRewardsMulti.setRewardsDuration
DA:556,1
DA:556,1
DA:557,1
DA:557,1
BRDA:557,25,0,1
BRDA:557,25,1,-
DA:558,0
DA:558,0
BRDA:558,26,0,-
BRDA:558,26,1,-
DA:559,0
DA:559,0
BRDA:559,27,0,-
BRDA:559,27,1,-
DA:561,0
DA:561,0
DA:563,0
DA:563,0
FN:571,StakingRewardsMulti.setZapContract
FNDA:0,StakingRewardsMulti.setZapContract
DA:572,0
DA:572,0
BRDA:572,28,0,-
BRDA:572,28,1,-
DA:573,0
DA:573,0
DA:574,0
DA:574,0
FN:583,StakingRewardsMulti.recoverERC20
FNDA:2,StakingRewardsMulti.recoverERC20
DA:587,2
DA:587,2
DA:587,2
BRDA:587,29,0,-
BRDA:587,29,1,2
DA:587,0
DA:590,2
DA:590,2
DA:591,2
DA:591,2
DA:592,2
DA:592,2
DA:594,2
DA:594,2
DA:594,6
DA:594,4
DA:595,4
DA:595,4
DA:597,4
DA:597,4
BRDA:597,30,0,2
BRDA:597,30,1,4
DA:598,2
DA:598,2
DA:601,4
DA:601,4
BRDA:601,31,0,2
BRDA:601,31,1,4
DA:602,2
DA:602,2
DA:606,2
BRDA:606,32,0,-
BRDA:606,32,1,2
DA:607,2
DA:607,2
BRDA:607,33,0,-
BRDA:607,33,1,2
DA:613,2
DA:613,2
DA:616,2
DA:616,2
DA:619,2
DA:619,2
DA:620,2
DA:620,2
FN:625,StakingRewardsMulti.updateReward
FNDA:2,StakingRewardsMulti.updateReward
DA:626,2
DA:626,2
DA:626,6
DA:626,4
DA:627,4
DA:627,4
DA:628,4
DA:628,4
DA:629,4
DA:629,4
DA:630,4
DA:630,4
DA:630,4
BRDA:630,34,0,-
BRDA:630,34,1,14
DA:631,4
DA:631,4
DA:632,4
DA:632,4
FNF:28
FNH:23
LF:129
LH:118
BRF:70
BRH:48
end_of_record
TN:
SF:src/StakingRewardsRegistry.sol
FN:45,StakingRewardsRegistry.numTokens
FNDA:0,StakingRewardsRegistry.numTokens
DA:46,0
DA:46,0
FN:57,StakingRewardsRegistry.cloneAndAddStakingPool
FNDA:0,StakingRewardsRegistry.cloneAndAddStakingPool
DA:61,0
DA:61,0
BRDA:61,0,0,-
BRDA:61,0,1,-
DA:64,0
DA:64,0
DA:70,0
DA:70,0
DA:70,0
DA:70,0
DA:73,0
DA:73,0
FN:88,StakingRewardsRegistry.addStakingPool
FNDA:5,StakingRewardsRegistry.addStakingPool
DA:94,5
DA:94,5
BRDA:94,1,0,2
BRDA:94,1,1,3
DA:95,3
DA:95,3
FN:98,StakingRewardsRegistry._addStakingPool
FNDA:3,StakingRewardsRegistry._addStakingPool
DA:104,3
DA:104,3
DA:104,3
DA:107,3
DA:107,3
BRDA:107,2,0,-
BRDA:107,2,1,3
DA:113,3
DA:113,3
BRDA:113,3,0,-
BRDA:113,3,1,3
DA:119,3
BRDA:119,4,0,-
BRDA:119,4,1,-
DA:120,0
DA:120,0
BRDA:120,5,0,-
BRDA:120,5,1,-
DA:124,0
DA:124,0
DA:125,0
DA:125,0
DA:126,0
DA:126,0
DA:129,0
DA:129,0
DA:131,3
DA:131,3
BRDA:131,6,0,-
BRDA:131,6,1,3
DA:135,3
DA:135,3
DA:136,3
DA:136,3
DA:139,3
DA:139,3
DA:140,3
DA:140,3
FN:151,StakingRewardsRegistry.setPoolEndorsers
FNDA:15,StakingRewardsRegistry.setPoolEndorsers
DA:155,15
DA:155,15
DA:156,15
DA:156,15
FN:165,StakingRewardsRegistry.setApprovedPoolOwner
FNDA:15,StakingRewardsRegistry.setApprovedPoolOwner
DA:169,15
DA:169,15
DA:170,15
DA:170,15
FN:179,StakingRewardsRegistry.setDefaultContracts
FNDA:15,StakingRewardsRegistry.setDefaultContracts
DA:183,15
DA:183,15
BRDA:183,7,0,-
BRDA:183,7,1,15
DA:187,15
DA:187,15
DA:188,15
DA:188,15
DA:189,15
DA:189,15
FNF:7
FNH:5
LF:29
LH:19
BRF:16
BRH:6
end_of_record
TN:
SF:src/StakingRewardsZap.sol
FN:31,StakingRewardsZap.
FNDA:0,StakingRewardsZap.
DA:32,0
DA:32,0
FN:44,StakingRewardsZap.zapIn
FNDA:4,StakingRewardsZap.zapIn
DA:49,4
DA:49,4
DA:49,4
DA:52,4
DA:52,4
DA:52,4
DA:53,4
DA:53,4
BRDA:53,0,0,2
BRDA:53,0,1,2
DA:54,2
DA:54,2
DA:54,2
DA:57,2
DA:57,2
DA:57,2
DA:58,2
DA:58,2
DA:58,2
DA:61,2
DA:61,2
DA:64,2
DA:64,2
DA:64,2
DA:65,2
DA:65,2
DA:72,2
DA:72,2
DA:75,1
DA:75,1
BRDA:75,1,0,-
BRDA:75,1,1,1
DA:81,1
DA:81,1
DA:84,1
DA:84,1
DA:85,1
DA:85,1
FN:95,StakingRewardsZap.zapInLegacy
FNDA:0,StakingRewardsZap.zapInLegacy
DA:100,0
DA:100,0
DA:100,0
DA:103,0
DA:103,0
DA:103,0
DA:104,0
DA:104,0
BRDA:104,2,0,-
BRDA:104,2,1,-
DA:105,0
DA:105,0
DA:105,0
DA:108,0
DA:108,0
DA:108,0
DA:109,0
DA:109,0
DA:109,0
DA:112,0
DA:112,0
DA:115,0
DA:115,0
DA:115,0
DA:116,0
DA:116,0
DA:123,0
DA:123,0
DA:126,0
DA:126,0
BRDA:126,3,0,-
BRDA:126,3,1,-
DA:132,0
DA:132,0
DA:135,0
DA:135,0
DA:136,0
DA:136,0
FN:146,StakingRewardsZap.zapOut
FNDA:3,StakingRewardsZap.zapOut
DA:152,3
DA:152,3
DA:152,3
DA:155,3
DA:155,3
DA:155,3
DA:156,3
DA:156,3
BRDA:156,4,0,1
BRDA:156,4,1,2
DA:157,2
DA:157,2
DA:157,2
DA:160,2
DA:160,2
BRDA:160,5,0,-
BRDA:160,5,1,1
DA:161,1
DA:161,1
DA:165,2
DA:165,2
DA:168,2
DA:168,2
DA:168,2
DA:169,2
DA:169,2
DA:169,2
DA:172,2
DA:172,2
DA:172,2
DA:173,2
DA:173,2
DA:180,2
DA:180,2
BRDA:180,6,0,-
BRDA:180,6,1,2
DA:187,2
DA:187,2
DA:189,2
DA:189,2
FN:200,StakingRewardsZap.zapOutLegacy
FNDA:0,StakingRewardsZap.zapOutLegacy
DA:206,0
DA:206,0
DA:206,0
DA:209,0
DA:209,0
DA:209,0
DA:210,0
DA:210,0
BRDA:210,7,0,-
BRDA:210,7,1,-
DA:211,0
DA:211,0
DA:211,0
DA:214,0
DA:214,0
BRDA:214,8,0,-
BRDA:214,8,1,-
DA:215,0
DA:215,0
DA:219,0
DA:219,0
DA:222,0
DA:222,0
DA:222,0
DA:223,0
DA:223,0
DA:223,0
DA:226,0
DA:226,0
DA:226,0
DA:227,0
DA:227,0
DA:233,0
DA:233,0
BRDA:233,9,0,-
BRDA:233,9,1,-
DA:240,0
DA:240,0
DA:242,0
DA:242,0
FN:245,StakingRewardsZap._checkAllowance
FNDA:3,StakingRewardsZap._checkAllowance
DA:250,3
DA:250,3
DA:250,3
BRDA:250,10,0,2
BRDA:250,10,1,3
DA:251,2
DA:251,2
FN:256,StakingRewardsZap.recoverERC20
FNDA:0,StakingRewardsZap.recoverERC20
DA:260,0
DA:260,0
DA:261,0
DA:261,0
FN:271,StakingRewardsZap.setPoolRegistry
FNDA:0,StakingRewardsZap.setPoolRegistry
DA:272,0
DA:272,0
DA:273,0
DA:273,0
FNF:8
FNH:3
LF:63
LH:30
BRF:22
BRH:9
end_of_record
