TN:
SF:src/StakingRewardsMulti.sol
FN:93,StakingRewardsMulti.
FNDA:0,StakingRewardsMulti.
DA:94,0
DA:94,0
FN:106,StakingRewardsMulti.cloneStakingPool
FNDA:2,StakingRewardsMulti.cloneStakingPool
DA:112,2
DA:112,2
BRDA:112,0,0,1
BRDA:112,0,1,1
DA:113,1
DA:113,1
DA:117,1
DA:117,1
DA:117,1
DA:130,1
DA:130,1
DA:133,1
DA:133,1
DA:139,1
DA:139,1
FN:149,StakingRewardsMulti.initialize
FNDA:3,StakingRewardsMulti.initialize
DA:154,3
DA:154,3
FN:158,StakingRewardsMulti._initializePool
FNDA:3,StakingRewardsMulti._initializePool
DA:164,3
DA:164,3
DA:164,3
DA:164,3
BRDA:164,1,0,2
BRDA:164,1,1,1
DA:165,2
DA:165,2
DA:169,1
DA:169,1
DA:170,1
DA:170,1
DA:171,1
DA:171,1
FN:177,StakingRewardsMulti.totalSupply
FNDA:4,StakingRewardsMulti.totalSupply
DA:178,4
DA:178,4
FN:186,StakingRewardsMulti.balanceOf
FNDA:17,StakingRewardsMulti.balanceOf
DA:187,17
DA:187,17
FN:197,StakingRewardsMulti.balanceOfUnderlying
FNDA:4,StakingRewardsMulti.balanceOfUnderlying
DA:200,4
DA:200,4
DA:201,4
DA:201,4
DA:203,4
DA:203,4
FN:207,StakingRewardsMulti.rewardTokensLength
FNDA:1,StakingRewardsMulti.rewardTokensLength
DA:208,1
DA:208,1
FN:216,StakingRewardsMulti.lastTimeRewardApplicable
FNDA:0,StakingRewardsMulti.lastTimeRewardApplicable
DA:219,172
DA:219,172
DA:220,172
DA:220,172
FN:231,StakingRewardsMulti.rewardPerToken
FNDA:0,StakingRewardsMulti.rewardPerToken
DA:234,132
DA:234,132
BRDA:234,2,0,16
BRDA:234,2,1,116
DA:235,16
DA:235,16
DA:238,116
BRDA:238,3,0,12
BRDA:238,3,1,104
DA:239,12
DA:239,12
DA:242,104
DA:242,104
FN:256,StakingRewardsMulti.earned
FNDA:18,StakingRewardsMulti.earned
DA:260,80
BRDA:260,4,0,16
BRDA:260,4,1,64
DA:261,16
DA:261,16
DA:264,64
DA:264,64
FN:278,StakingRewardsMulti.earnedMulti
FNDA:4,StakingRewardsMulti.earnedMulti
DA:281,4
DA:281,4
DA:282,4
DA:282,4
DA:283,4
DA:283,4
DA:285,4
DA:285,4
DA:285,12
DA:285,8
DA:286,8
DA:286,8
FN:296,StakingRewardsMulti.getRewardForDuration
FNDA:8,StakingRewardsMulti.getRewardForDuration
DA:299,8
DA:299,8
DA:300,8
DA:300,8
FN:311,StakingRewardsMulti.stake
FNDA:11,StakingRewardsMulti.stake
DA:314,11
DA:314,11
BRDA:314,5,0,4
BRDA:314,5,1,7
DA:315,7
DA:315,7
BRDA:315,6,0,1
BRDA:315,6,1,6
DA:318,6
DA:318,6
DA:319,6
DA:319,6
DA:322,6
DA:322,6
DA:323,6
DA:323,6
FN:332,StakingRewardsMulti.stakeFor
FNDA:1,StakingRewardsMulti.stakeFor
DA:336,1
DA:336,1
BRDA:336,7,0,-
BRDA:336,7,1,1
DA:337,1
DA:337,1
BRDA:337,8,0,-
BRDA:337,8,1,1
DA:340,1
DA:340,1
DA:341,1
DA:341,1
DA:344,1
DA:344,1
DA:345,1
DA:345,1
FN:353,StakingRewardsMulti.withdraw
FNDA:11,StakingRewardsMulti.withdraw
DA:356,15
DA:356,15
BRDA:356,9,0,2
BRDA:356,9,1,13
DA:359,13
DA:359,13
BRDA:359,10,0,2
BRDA:359,10,1,13
DA:360,2
DA:360,2
DA:364,13
DA:364,13
DA:365,13
DA:365,13
DA:368,11
DA:368,11
DA:369,11
DA:369,11
FN:379,StakingRewardsMulti.withdrawFor
FNDA:4,StakingRewardsMulti.withdrawFor
DA:384,4
DA:384,4
BRDA:384,11,0,1
BRDA:384,11,1,3
DA:385,3
DA:385,3
BRDA:385,12,0,-
BRDA:385,12,1,3
DA:388,3
DA:388,3
DA:389,3
DA:389,3
DA:392,3
DA:392,3
DA:393,3
DA:393,3
DA:396,3
BRDA:396,13,0,1
BRDA:396,13,1,1
DA:397,2
DA:397,2
BRDA:397,14,0,1
BRDA:397,14,1,1
DA:398,1
DA:398,1
FN:406,StakingRewardsMulti.getReward
FNDA:8,StakingRewardsMulti.getReward
DA:407,8
DA:407,8
FN:411,StakingRewardsMulti._getRewardFor
FNDA:13,StakingRewardsMulti._getRewardFor
DA:412,13
DA:412,13
DA:412,35
DA:412,22
DA:413,22
DA:413,22
DA:414,22
DA:414,22
DA:415,22
DA:415,22
BRDA:415,15,0,18
BRDA:415,15,1,22
DA:416,18
DA:416,18
DA:417,18
DA:417,18
DA:418,18
DA:418,18
FN:428,StakingRewardsMulti.getOneReward
FNDA:4,StakingRewardsMulti.getOneReward
DA:431,4
DA:431,4
DA:432,4
DA:432,4
BRDA:432,16,0,2
BRDA:432,16,1,4
DA:433,2
DA:433,2
DA:434,2
DA:434,2
DA:435,2
DA:435,2
FN:442,StakingRewardsMulti.exit
FNDA:4,StakingRewardsMulti.exit
DA:443,4
DA:443,4
DA:444,4
DA:444,4
FN:455,StakingRewardsMulti.notifyRewardAmount
FNDA:12,StakingRewardsMulti.notifyRewardAmount
DA:459,12
DA:459,12
DA:460,12
DA:460,12
BRDA:460,17,0,2
BRDA:460,17,1,10
DA:461,10
DA:461,10
BRDA:461,18,0,-
BRDA:461,18,1,10
DA:465,10
DA:465,10
DA:471,10
DA:471,10
BRDA:471,19,0,10
BRDA:471,19,1,-
DA:472,10
DA:472,10
DA:476,0
DA:476,0
DA:487,10
DA:487,10
BRDA:487,20,0,-
BRDA:487,20,1,10
DA:494,10
DA:494,10
DA:495,10
DA:495,10
DA:498,10
DA:498,10
FN:509,StakingRewardsMulti.addReward
FNDA:16,StakingRewardsMulti.addReward
DA:514,14
DA:514,14
BRDA:514,21,0,2
BRDA:514,21,1,12
DA:518,12
DA:518,12
BRDA:518,22,0,1
BRDA:518,22,1,11
DA:519,11
DA:519,11
BRDA:519,23,0,1
BRDA:519,23,1,10
DA:524,10
DA:524,10
DA:525,10
DA:525,10
DA:526,10
DA:526,10
FN:536,StakingRewardsMulti.setRewardsDistributor
FNDA:0,StakingRewardsMulti.setRewardsDistributor
DA:540,0
DA:540,0
BRDA:540,24,0,-
BRDA:540,24,1,-
DA:544,0
DA:544,0
FN:553,StakingRewardsMulti.setRewardsDuration
FNDA:1,StakingRewardsMulti.setRewardsDuration
DA:557,1
DA:557,1
DA:558,1
DA:558,1
BRDA:558,25,0,1
BRDA:558,25,1,-
DA:559,0
DA:559,0
BRDA:559,26,0,-
BRDA:559,26,1,-
DA:560,0
DA:560,0
BRDA:560,27,0,-
BRDA:560,27,1,-
DA:562,0
DA:562,0
DA:564,0
DA:564,0
FN:572,StakingRewardsMulti.setZapContract
FNDA:0,StakingRewardsMulti.setZapContract
DA:573,0
DA:573,0
BRDA:573,28,0,-
BRDA:573,28,1,-
DA:574,0
DA:574,0
DA:575,0
DA:575,0
FN:584,StakingRewardsMulti.recoverERC20
FNDA:2,StakingRewardsMulti.recoverERC20
DA:588,2
DA:588,2
DA:588,2
BRDA:588,29,0,-
BRDA:588,29,1,2
DA:588,0
DA:591,2
DA:591,2
DA:592,2
DA:592,2
DA:593,2
DA:593,2
DA:595,2
DA:595,2
DA:595,6
DA:595,4
DA:596,4
DA:596,4
DA:598,4
DA:598,4
BRDA:598,30,0,2
BRDA:598,30,1,4
DA:599,2
DA:599,2
DA:602,4
DA:602,4
BRDA:602,31,0,2
BRDA:602,31,1,4
DA:603,2
DA:603,2
DA:607,2
BRDA:607,32,0,-
BRDA:607,32,1,2
DA:608,2
DA:608,2
BRDA:608,33,0,-
BRDA:608,33,1,2
DA:614,2
DA:614,2
DA:617,2
DA:617,2
DA:620,2
DA:620,2
DA:621,2
DA:621,2
FN:626,StakingRewardsMulti.updateReward
FNDA:4,StakingRewardsMulti.updateReward
DA:627,4
DA:627,4
DA:627,12
DA:627,8
DA:628,8
DA:628,8
DA:629,8
DA:629,8
DA:630,8
DA:630,8
DA:631,8
DA:631,8
DA:631,8
BRDA:631,34,0,-
BRDA:631,34,1,14
DA:632,8
DA:632,8
DA:633,8
DA:633,8
FNF:28
FNH:23
LF:130
LH:119
BRF:70
BRH:51
end_of_record
TN:
SF:src/StakingRewardsRegistry.sol
FN:45,StakingRewardsRegistry.numTokens
FNDA:0,StakingRewardsRegistry.numTokens
DA:46,0
DA:46,0
FN:57,StakingRewardsRegistry.cloneAndAddStakingPool
FNDA:0,StakingRewardsRegistry.cloneAndAddStakingPool
DA:61,0
DA:61,0
BRDA:61,0,0,-
BRDA:61,0,1,-
DA:64,0
DA:64,0
DA:70,0
DA:70,0
DA:70,0
DA:70,0
DA:73,0
DA:73,0
FN:88,StakingRewardsRegistry.addStakingPool
FNDA:5,StakingRewardsRegistry.addStakingPool
DA:94,5
DA:94,5
BRDA:94,1,0,2
BRDA:94,1,1,3
DA:95,3
DA:95,3
FN:98,StakingRewardsRegistry._addStakingPool
FNDA:3,StakingRewardsRegistry._addStakingPool
DA:104,3
DA:104,3
DA:104,3
DA:107,3
DA:107,3
BRDA:107,2,0,-
BRDA:107,2,1,3
DA:113,3
DA:113,3
BRDA:113,3,0,-
BRDA:113,3,1,3
DA:119,3
BRDA:119,4,0,-
BRDA:119,4,1,-
DA:120,0
DA:120,0
BRDA:120,5,0,-
BRDA:120,5,1,-
DA:124,0
DA:124,0
DA:125,0
DA:125,0
DA:126,0
DA:126,0
DA:129,0
DA:129,0
DA:131,3
DA:131,3
BRDA:131,6,0,-
BRDA:131,6,1,3
DA:135,3
DA:135,3
DA:136,3
DA:136,3
DA:139,3
DA:139,3
DA:140,3
DA:140,3
FN:151,StakingRewardsRegistry.setPoolEndorsers
FNDA:15,StakingRewardsRegistry.setPoolEndorsers
DA:155,15
DA:155,15
DA:156,15
DA:156,15
FN:165,StakingRewardsRegistry.setApprovedPoolOwner
FNDA:15,StakingRewardsRegistry.setApprovedPoolOwner
DA:169,15
DA:169,15
DA:170,15
DA:170,15
FN:179,StakingRewardsRegistry.setDefaultContracts
FNDA:15,StakingRewardsRegistry.setDefaultContracts
DA:183,15
DA:183,15
BRDA:183,7,0,-
BRDA:183,7,1,15
DA:187,15
DA:187,15
DA:188,15
DA:188,15
DA:189,15
DA:189,15
FNF:7
FNH:5
LF:29
LH:19
BRF:16
BRH:6
end_of_record
TN:
SF:src/StakingRewardsZap.sol
FN:31,StakingRewardsZap.
FNDA:0,StakingRewardsZap.
DA:32,0
DA:32,0
FN:44,StakingRewardsZap.zapIn
FNDA:4,StakingRewardsZap.zapIn
DA:49,4
DA:49,4
DA:49,4
DA:52,4
DA:52,4
DA:52,4
DA:53,4
DA:53,4
BRDA:53,0,0,2
BRDA:53,0,1,2
DA:54,2
DA:54,2
DA:54,2
DA:57,2
DA:57,2
DA:57,2
DA:58,2
DA:58,2
DA:58,2
DA:61,2
DA:61,2
DA:64,2
DA:64,2
DA:64,2
DA:65,2
DA:65,2
DA:72,2
DA:72,2
DA:75,1
DA:75,1
BRDA:75,1,0,-
BRDA:75,1,1,1
DA:81,1
DA:81,1
DA:84,1
DA:84,1
DA:85,1
DA:85,1
FN:95,StakingRewardsZap.zapInLegacy
FNDA:0,StakingRewardsZap.zapInLegacy
DA:100,0
DA:100,0
DA:100,0
DA:103,0
DA:103,0
DA:103,0
DA:104,0
DA:104,0
BRDA:104,2,0,-
BRDA:104,2,1,-
DA:105,0
DA:105,0
DA:105,0
DA:108,0
DA:108,0
DA:108,0
DA:109,0
DA:109,0
DA:109,0
DA:112,0
DA:112,0
DA:115,0
DA:115,0
DA:115,0
DA:116,0
DA:116,0
DA:123,0
DA:123,0
DA:126,0
DA:126,0
BRDA:126,3,0,-
BRDA:126,3,1,-
DA:132,0
DA:132,0
DA:135,0
DA:135,0
DA:136,0
DA:136,0
FN:146,StakingRewardsZap.zapOut
FNDA:4,StakingRewardsZap.zapOut
DA:152,4
DA:152,4
DA:152,4
DA:155,4
DA:155,4
DA:155,4
DA:156,4
DA:156,4
BRDA:156,4,0,1
BRDA:156,4,1,3
DA:157,3
DA:157,3
DA:157,3
DA:160,3
DA:160,3
BRDA:160,5,0,-
BRDA:160,5,1,1
DA:161,1
DA:161,1
DA:165,3
DA:165,3
DA:168,2
DA:168,2
DA:168,2
DA:169,2
DA:169,2
DA:169,2
DA:172,2
DA:172,2
DA:172,2
DA:173,2
DA:173,2
DA:180,2
DA:180,2
BRDA:180,6,0,-
BRDA:180,6,1,2
DA:187,2
DA:187,2
DA:189,2
DA:189,2
FN:200,StakingRewardsZap.zapOutLegacy
FNDA:0,StakingRewardsZap.zapOutLegacy
DA:206,0
DA:206,0
DA:206,0
DA:209,0
DA:209,0
DA:209,0
DA:210,0
DA:210,0
BRDA:210,7,0,-
BRDA:210,7,1,-
DA:211,0
DA:211,0
DA:211,0
DA:214,0
DA:214,0
BRDA:214,8,0,-
BRDA:214,8,1,-
DA:215,0
DA:215,0
DA:219,0
DA:219,0
DA:222,0
DA:222,0
DA:222,0
DA:223,0
DA:223,0
DA:223,0
DA:226,0
DA:226,0
DA:226,0
DA:227,0
DA:227,0
DA:233,0
DA:233,0
BRDA:233,9,0,-
BRDA:233,9,1,-
DA:240,0
DA:240,0
DA:242,0
DA:242,0
FN:245,StakingRewardsZap._checkAllowance
FNDA:3,StakingRewardsZap._checkAllowance
DA:250,3
DA:250,3
DA:250,3
BRDA:250,10,0,2
BRDA:250,10,1,3
DA:251,2
DA:251,2
FN:256,StakingRewardsZap.recoverERC20
FNDA:0,StakingRewardsZap.recoverERC20
DA:260,0
DA:260,0
DA:261,0
DA:261,0
FN:271,StakingRewardsZap.setPoolRegistry
FNDA:0,StakingRewardsZap.setPoolRegistry
DA:272,0
DA:272,0
DA:273,0
DA:273,0
FNF:8
FNH:3
LF:63
LH:30
BRF:22
BRH:9
end_of_record
